2017-06-12 02:25:43,128 INFO o.a.j.u.JMeterUtils: Setting Locale to en_US
2017-06-12 02:25:43,135 INFO o.a.j.JMeter: Loading user properties from: user.properties
2017-06-12 02:25:43,135 INFO o.a.j.JMeter: Loading system properties from: system.properties
2017-06-12 02:25:43,139 INFO o.a.j.JMeter: Copyright (c) 1998-2017 The Apache Software Foundation
2017-06-12 02:25:43,139 INFO o.a.j.JMeter: Version 3.2 r1790748
2017-06-12 02:25:43,139 INFO o.a.j.JMeter: java.version=1.8.0_131
2017-06-12 02:25:43,139 INFO o.a.j.JMeter: java.vm.name=Java HotSpot(TM) 64-Bit Server VM
2017-06-12 02:25:43,139 INFO o.a.j.JMeter: os.name=Windows 10
2017-06-12 02:25:43,139 INFO o.a.j.JMeter: os.arch=amd64
2017-06-12 02:25:43,139 INFO o.a.j.JMeter: os.version=10.0
2017-06-12 02:25:43,139 INFO o.a.j.JMeter: file.encoding=Cp1256
2017-06-12 02:25:43,139 INFO o.a.j.JMeter: Max memory     =536870912
2017-06-12 02:25:43,139 INFO o.a.j.JMeter: Available Processors =8
2017-06-12 02:25:43,142 INFO o.a.j.JMeter: Default Locale=English (United States)
2017-06-12 02:25:43,142 INFO o.a.j.JMeter: JMeter  Locale=English (United States)
2017-06-12 02:25:43,142 INFO o.a.j.JMeter: JMeterHome=C:\work\jmeter-client\apache-jmeter-3.2
2017-06-12 02:25:43,142 INFO o.a.j.JMeter: user.dir  =C:\work\jmeter-client\apache-jmeter-3.2\bin
2017-06-12 02:25:43,142 INFO o.a.j.JMeter: PWD       =C:\work\jmeter-client\apache-jmeter-3.2\bin
2017-06-12 02:25:43,245 INFO o.a.j.JMeter: IP: 192.168.1.100 Name: DESKTOP-5J5FE41 FullName: 192.168.1.100
2017-06-12 02:25:44,561 INFO o.a.j.g.a.LookAndFeelCommand: Using look and feel: javax.swing.plaf.metal.MetalLookAndFeel [Metal, CrossPlatform]
2017-06-12 02:25:44,563 INFO o.a.j.JMeter: Loaded icon properties from org/apache/jmeter/images/icon.properties
2017-06-12 02:25:44,805 INFO o.a.j.e.u.CompoundVariable: Note: Function class names must contain the string: '.functions.'
2017-06-12 02:25:44,805 INFO o.a.j.e.u.CompoundVariable: Note: Function class names must not contain the string: '.gui.'
2017-06-12 02:25:45,193 INFO o.a.j.g.u.MenuFactory: Skipping org.apache.jmeter.assertions.BSFAssertion
2017-06-12 02:25:45,376 INFO o.a.j.g.u.MenuFactory: Skipping org.apache.jmeter.extractor.BSFPostProcessor
2017-06-12 02:25:45,393 INFO o.a.j.g.u.MenuFactory: Skipping org.apache.jmeter.modifiers.BSFPreProcessor
2017-06-12 02:25:45,407 INFO o.a.j.p.h.s.HTTPSamplerBase: Parser for text/html is org.apache.jmeter.protocol.http.parser.LagartoBasedHtmlParser
2017-06-12 02:25:45,407 INFO o.a.j.p.h.s.HTTPSamplerBase: Parser for application/xhtml+xml is org.apache.jmeter.protocol.http.parser.LagartoBasedHtmlParser
2017-06-12 02:25:45,407 INFO o.a.j.p.h.s.HTTPSamplerBase: Parser for application/xml is org.apache.jmeter.protocol.http.parser.LagartoBasedHtmlParser
2017-06-12 02:25:45,407 INFO o.a.j.p.h.s.HTTPSamplerBase: Parser for text/xml is org.apache.jmeter.protocol.http.parser.LagartoBasedHtmlParser
2017-06-12 02:25:45,407 INFO o.a.j.p.h.s.HTTPSamplerBase: Parser for text/vnd.wap.wml is org.apache.jmeter.protocol.http.parser.RegexpHTMLParser
2017-06-12 02:25:45,407 INFO o.a.j.p.h.s.HTTPSamplerBase: Parser for text/css is org.apache.jmeter.protocol.http.parser.CssParser
2017-06-12 02:25:45,520 ERROR o.a.j.e.KeyToolUtils: Exception checking for keytool existence, will return false
java.io.IOException: Cannot run program "keytool": CreateProcess error=2, The system cannot find the file specified
	at java.lang.ProcessBuilder.start(Unknown Source) ~[?:1.8.0_131]
	at org.apache.jorphan.exec.SystemCommand.run(SystemCommand.java:142) ~[jorphan.jar:3.2 r1790748]
	at org.apache.jorphan.exec.SystemCommand.run(SystemCommand.java:125) ~[jorphan.jar:3.2 r1790748]
	at org.apache.jorphan.exec.KeyToolUtils.checkKeytool(KeyToolUtils.java:436) ~[jorphan.jar:3.2 r1790748]
	at org.apache.jorphan.exec.KeyToolUtils.<clinit>(KeyToolUtils.java:94) ~[jorphan.jar:3.2 r1790748]
	at org.apache.jmeter.protocol.http.proxy.ProxyControl.<clinit>(ProxyControl.java:248) ~[ApacheJMeter_http.jar:3.2 r1790748]
	at org.apache.jmeter.protocol.http.proxy.gui.ProxyControlGui.createPortPanel(ProxyControlGui.java:708) ~[ApacheJMeter_http.jar:3.2 r1790748]
	at org.apache.jmeter.protocol.http.proxy.gui.ProxyControlGui.init(ProxyControlGui.java:664) ~[ApacheJMeter_http.jar:3.2 r1790748]
	at org.apache.jmeter.protocol.http.proxy.gui.ProxyControlGui.<init>(ProxyControlGui.java:239) ~[ApacheJMeter_http.jar:3.2 r1790748]
	at sun.reflect.NativeConstructorAccessorImpl.newInstance0(Native Method) ~[?:1.8.0_131]
	at sun.reflect.NativeConstructorAccessorImpl.newInstance(Unknown Source) ~[?:1.8.0_131]
	at sun.reflect.DelegatingConstructorAccessorImpl.newInstance(Unknown Source) ~[?:1.8.0_131]
	at java.lang.reflect.Constructor.newInstance(Unknown Source) ~[?:1.8.0_131]
	at java.lang.Class.newInstance(Unknown Source) ~[?:1.8.0_131]
	at org.apache.jmeter.gui.util.MenuFactory.initializeMenus(MenuFactory.java:505) ~[ApacheJMeter_core.jar:3.2 r1790748]
	at org.apache.jmeter.gui.util.MenuFactory.<clinit>(MenuFactory.java:169) ~[ApacheJMeter_core.jar:3.2 r1790748]
	at org.apache.jmeter.control.gui.WorkBenchGui.createPopupMenu(WorkBenchGui.java:119) ~[ApacheJMeter_core.jar:3.2 r1790748]
	at org.apache.jmeter.gui.tree.JMeterTreeNode.createPopupMenu(JMeterTreeNode.java:156) ~[ApacheJMeter_core.jar:3.2 r1790748]
	at org.apache.jmeter.gui.action.EditCommand.doAction(EditCommand.java:46) ~[ApacheJMeter_core.jar:3.2 r1790748]
	at org.apache.jmeter.gui.action.ActionRouter.performAction(ActionRouter.java:74) ~[ApacheJMeter_core.jar:3.2 r1790748]
	at org.apache.jmeter.gui.action.ActionRouter.lambda$actionPerformed$0(ActionRouter.java:59) ~[ApacheJMeter_core.jar:3.2 r1790748]
	at java.awt.event.InvocationEvent.dispatch(Unknown Source) [?:1.8.0_131]
	at java.awt.EventQueue.dispatchEventImpl(Unknown Source) [?:1.8.0_131]
	at java.awt.EventQueue.access$500(Unknown Source) [?:1.8.0_131]
	at java.awt.EventQueue$3.run(Unknown Source) [?:1.8.0_131]
	at java.awt.EventQueue$3.run(Unknown Source) [?:1.8.0_131]
	at java.security.AccessController.doPrivileged(Native Method) ~[?:1.8.0_131]
	at java.security.ProtectionDomain$JavaSecurityAccessImpl.doIntersectionPrivilege(Unknown Source) [?:1.8.0_131]
	at java.awt.EventQueue.dispatchEvent(Unknown Source) [?:1.8.0_131]
	at java.awt.EventDispatchThread.pumpOneEventForFilters(Unknown Source) [?:1.8.0_131]
	at java.awt.EventDispatchThread.pumpEventsForFilter(Unknown Source) [?:1.8.0_131]
	at java.awt.EventDispatchThread.pumpEventsForHierarchy(Unknown Source) [?:1.8.0_131]
	at java.awt.EventDispatchThread.pumpEvents(Unknown Source) [?:1.8.0_131]
	at java.awt.EventDispatchThread.pumpEvents(Unknown Source) [?:1.8.0_131]
	at java.awt.EventDispatchThread.run(Unknown Source) [?:1.8.0_131]
Caused by: java.io.IOException: CreateProcess error=2, The system cannot find the file specified
	at java.lang.ProcessImpl.create(Native Method) ~[?:1.8.0_131]
	at java.lang.ProcessImpl.<init>(Unknown Source) ~[?:1.8.0_131]
	at java.lang.ProcessImpl.start(Unknown Source) ~[?:1.8.0_131]
	... 35 more
